<?xml version="1.0" encoding="UTF-8"?>
<testng-results ignored="0" total="2" passed="2" failed="0" skipped="0">
  <reporter-output>
  </reporter-output>
  <suite started-at="2023-01-25T23:36:28 IST" name="Suite" finished-at="2023-01-25T23:38:12 IST" duration-ms="103393">
    <groups>
    </groups>
    <test started-at="2023-01-25T23:36:28 IST" name="chromeTest" finished-at="2023-01-25T23:37:18 IST" duration-ms="49998">
      <class name="geckotesting.CBtesting">
        <test-method signature="Cbtesting(java.lang.String)[pri:0, instance:geckotesting.CBtesting@25fb8912]" started-at="2023-01-25T23:36:28 IST" name="Cbtesting" finished-at="2023-01-25T23:37:18 IST" duration-ms="49890" status="PASS">
          <params>
            <param index="0">
              <value>
                <![CDATA[Chrome]]>
              </value>
            </param>
          </params>
          <reporter-output>
          </reporter-output>
        </test-method> <!-- Cbtesting -->
      </class> <!-- geckotesting.CBtesting -->
    </test> <!-- chromeTest -->
    <test started-at="2023-01-25T23:37:19 IST" name="Firefox" finished-at="2023-01-25T23:38:12 IST" duration-ms="53057">
      <class name="geckotesting.CBtesting">
        <test-method signature="Cbtesting(java.lang.String)[pri:0, instance:geckotesting.CBtesting@4d5650ae]" started-at="2023-01-25T23:37:19 IST" name="Cbtesting" finished-at="2023-01-25T23:38:12 IST" duration-ms="53054" status="PASS">
          <params>
            <param index="0">
              <value>
                <![CDATA[Firefox]]>
              </value>
            </param>
          </params>
          <reporter-output>
          </reporter-output>
        </test-method> <!-- Cbtesting -->
      </class> <!-- geckotesting.CBtesting -->
    </test> <!-- Firefox -->
  </suite> <!-- Suite -->
</testng-results>
